<?xml version="1.0" encoding="UTF-8"?>
<!-- Generated by org.testng.reporters.JUnitReportReporter -->
<testsuite hostname="Lenovo-PC" failures="0" tests="1" name="Automation.Auto.TestLoginError" time="17.283" errors="0" timestamp="31 Mar 2019 07:54:57 GMT" skipped="0">
  <testcase classname="Automation.Auto.TestLoginError" name="f" time="17.283"/>
</testsuite> <!-- Automation.Auto.TestLoginError -->
