<?xml version="1.0" encoding="UTF-8"?>
<!-- Generated by org.testng.reporters.JUnitReportReporter -->
<testsuite hostname="Lenovo-PC" failures="0" tests="1" name="Automation.Auto.TestMegaMenu_SummerDresses" time="34.573" errors="0" timestamp="31 Mar 2019 07:54:57 GMT" skipped="0">
  <testcase classname="Automation.Auto.TestMegaMenu_SummerDresses" name="f" time="34.573"/>
</testsuite> <!-- Automation.Auto.TestMegaMenu_SummerDresses -->
